<?xml version="1.0" encoding="UTF-8"?>
<coverage generated="1619789165697" clover="3.2.0">
  <project timestamp="1619789165697" name="All files">
    <metrics statements="18" coveredstatements="3" conditionals="2" coveredconditionals="0" methods="2" coveredmethods="1" elements="22" coveredelements="4" complexity="0" loc="18" ncloc="18" packages="3" files="6" classes="6"/>
    <package name="src">
      <metrics statements="9" coveredstatements="0" conditionals="2" coveredconditionals="0" methods="1" coveredmethods="0"/>
      <file name="main.ts" path="D:\BUREAU\Travail\ESGI\3ESGI IBC\S2\Developpement front-end Angular\Poke_Arena\src\main.ts">
        <metrics statements="8" coveredstatements="0" conditionals="2" coveredconditionals="0" methods="1" coveredmethods="0"/>
        <line num="1" count="0" type="stmt"/>
        <line num="2" count="0" type="stmt"/>
        <line num="4" count="0" type="stmt"/>
        <line num="5" count="0" type="stmt"/>
        <line num="7" count="0" type="cond" truecount="0" falsecount="2"/>
        <line num="8" count="0" type="stmt"/>
        <line num="11" count="0" type="stmt"/>
        <line num="12" count="0" type="stmt"/>
      </file>
      <file name="polyfills.ts" path="D:\BUREAU\Travail\ESGI\3ESGI IBC\S2\Developpement front-end Angular\Poke_Arena\src\polyfills.ts">
        <metrics statements="1" coveredstatements="0" conditionals="0" coveredconditionals="0" methods="0" coveredmethods="0"/>
        <line num="60" count="0" type="stmt"/>
      </file>
    </package>
    <package name="src.app">
      <metrics statements="7" coveredstatements="3" conditionals="0" coveredconditionals="0" methods="1" coveredmethods="1"/>
      <file name="app.component.ts" path="D:\BUREAU\Travail\ESGI\3ESGI IBC\S2\Developpement front-end Angular\Poke_Arena\src\app\app.component.ts">
        <metrics statements="3" coveredstatements="3" conditionals="0" coveredconditionals="0" methods="1" coveredmethods="1"/>
        <line num="1" count="1" type="stmt"/>
        <line num="8" count="1" type="stmt"/>
        <line num="9" count="3" type="stmt"/>
      </file>
      <file name="app.module.ts" path="D:\BUREAU\Travail\ESGI\3ESGI IBC\S2\Developpement front-end Angular\Poke_Arena\src\app\app.module.ts">
        <metrics statements="4" coveredstatements="0" conditionals="0" coveredconditionals="0" methods="0" coveredmethods="0"/>
        <line num="1" count="0" type="stmt"/>
        <line num="2" count="0" type="stmt"/>
        <line num="4" count="0" type="stmt"/>
        <line num="16" count="0" type="stmt"/>
      </file>
    </package>
    <package name="src.environments">
      <metrics statements="2" coveredstatements="0" conditionals="0" coveredconditionals="0" methods="0" coveredmethods="0"/>
      <file name="environment.prod.ts" path="D:\BUREAU\Travail\ESGI\3ESGI IBC\S2\Developpement front-end Angular\Poke_Arena\src\environments\environment.prod.ts">
        <metrics statements="1" coveredstatements="0" conditionals="0" coveredconditionals="0" methods="0" coveredmethods="0"/>
        <line num="1" count="0" type="stmt"/>
      </file>
      <file name="environment.ts" path="D:\BUREAU\Travail\ESGI\3ESGI IBC\S2\Developpement front-end Angular\Poke_Arena\src\environments\environment.ts">
        <metrics statements="1" coveredstatements="0" conditionals="0" coveredconditionals="0" methods="0" coveredmethods="0"/>
        <line num="5" count="0" type="stmt"/>
      </file>
    </package>
  </project>
</coverage>
