{"D:\\BUREAU\\Travail\\ESGI\\3ESGI IBC\\S2\\Developpement front-end Angular\\Poke_Arena\\src\\main.ts": {"path":"D:\\BUREAU\\Travail\\ESGI\\3ESGI IBC\\S2\\Developpement front-end Angular\\Poke_Arena\\src\\main.ts","statementMap":{"0":{"start":{"line":1,"column":0},"end":{"line":1,"column":47}},"1":{"start":{"line":2,"column":0},"end":{"line":2,"column":75}},"2":{"start":{"line":4,"column":0},"end":{"line":4,"column":45}},"3":{"start":{"line":5,"column":0},"end":{"line":5,"column":57}},"4":{"start":{"line":7,"column":0},"end":{"line":9,"column":null}},"5":{"start":{"line":8,"column":2},"end":{"line":8,"column":19}},"6":{"start":{"line":11,"column":0},"end":{"line":12,"column":36}},"7":{"start":{"line":12,"column":16},"end":{"line":12,"column":34}}},"fnMap":{"0":{"name":"(anonymous_0)","decl":{"start":{"line":12,"column":9},"end":{"line":12,"column":12}},"loc":{"start":{"line":12,"column":16},"end":{"line":12,"column":34}}}},"branchMap":{"0":{"loc":{"start":{"line":7,"column":0},"end":{"line":9,"column":null}},"type":"if","locations":[{"start":{"line":7,"column":0},"end":{"line":9,"column":null}},{"start":{"line":7,"column":0},"end":{"line":9,"column":null}}]}},"s":{"0":0,"1":0,"2":0,"3":0,"4":0,"5":0,"6":0,"7":0},"f":{"0":0},"b":{"0":[0,0]}}
,"D:\\BUREAU\\Travail\\ESGI\\3ESGI IBC\\S2\\Developpement front-end Angular\\Poke_Arena\\src\\polyfills.ts": {"path":"D:\\BUREAU\\Travail\\ESGI\\3ESGI IBC\\S2\\Developpement front-end Angular\\Poke_Arena\\src\\polyfills.ts","statementMap":{"0":{"start":{"line":60,"column":0},"end":{"line":60,"column":27}}},"fnMap":{},"branchMap":{},"s":{"0":0},"f":{},"b":{}}
,"D:\\BUREAU\\Travail\\ESGI\\3ESGI IBC\\S2\\Developpement front-end Angular\\Poke_Arena\\src\\app\\app.component.ts": {"path":"D:\\BUREAU\\Travail\\ESGI\\3ESGI IBC\\S2\\Developpement front-end Angular\\Poke_Arena\\src\\app\\app.component.ts","statementMap":{"0":{"start":{"line":1,"column":0},"end":{"line":1,"column":42}},"1":{"start":{"line":8,"column":0},"end":{"line":10,"column":null}},"2":{"start":{"line":9,"column":2},"end":{"line":9,"column":23}},"3":{"start":{"line":8,"column":13},"end":{"line":10,"column":null}},"4":{"start":{"line":8,"column":13},"end":{"line":8,"column":25}}},"fnMap":{"0":{"name":"(anonymous_0)","decl":{"start":{"line":8,"column":0},"end":{"line":8,"column":13}},"loc":{"start":{"line":8,"column":0},"end":{"line":10,"column":1}}}},"branchMap":{},"s":{"0":1,"1":1,"2":3,"3":1,"4":1},"f":{"0":3},"b":{}}
,"D:\\BUREAU\\Travail\\ESGI\\3ESGI IBC\\S2\\Developpement front-end Angular\\Poke_Arena\\src\\app\\app.module.ts": {"path":"D:\\BUREAU\\Travail\\ESGI\\3ESGI IBC\\S2\\Developpement front-end Angular\\Poke_Arena\\src\\app\\app.module.ts","statementMap":{"0":{"start":{"line":1,"column":0},"end":{"line":1,"column":41}},"1":{"start":{"line":2,"column":0},"end":{"line":2,"column":58}},"2":{"start":{"line":4,"column":0},"end":{"line":4,"column":47}},"3":{"start":{"line":16,"column":0},"end":{"line":16,"column":null}},"4":{"start":{"line":16,"column":13},"end":{"line":16,"column":null}},"5":{"start":{"line":16,"column":13},"end":{"line":16,"column":22}}},"fnMap":{},"branchMap":{},"s":{"0":0,"1":0,"2":0,"3":0,"4":0,"5":0},"f":{},"b":{}}
,"D:\\BUREAU\\Travail\\ESGI\\3ESGI IBC\\S2\\Developpement front-end Angular\\Poke_Arena\\src\\environments\\environment.prod.ts": {"path":"D:\\BUREAU\\Travail\\ESGI\\3ESGI IBC\\S2\\Developpement front-end Angular\\Poke_Arena\\src\\environments\\environment.prod.ts","statementMap":{"0":{"start":{"line":1,"column":13},"end":{"line":3,"column":2}}},"fnMap":{},"branchMap":{},"s":{"0":0},"f":{},"b":{}}
,"D:\\BUREAU\\Travail\\ESGI\\3ESGI IBC\\S2\\Developpement front-end Angular\\Poke_Arena\\src\\environments\\environment.ts": {"path":"D:\\BUREAU\\Travail\\ESGI\\3ESGI IBC\\S2\\Developpement front-end Angular\\Poke_Arena\\src\\environments\\environment.ts","statementMap":{"0":{"start":{"line":5,"column":13},"end":{"line":7,"column":2}}},"fnMap":{},"branchMap":{},"s":{"0":0},"f":{},"b":{}}
}
